<?xml version="1.0" encoding="UTF-8"?>
<beans xmlns="http://www.springframework.org/schema/beans"
	xmlns:xsi="http://www.w3.org/2001/XMLSchema-instance"
	xsi:schemaLocation="http://www.springframework.org/schema/beans
		http://www.springframework.org/schema/beans/spring-beans-3.0.xsd">
	
	<bean id="dataSource" class="org.springframework.jdbc.datasource.SimpleDriverDataSource">
		<property name="driverClass" value="com.mysql.cj.jdbc.Driver"></property>
		<property name="url" value="jdbc:mysql://localhost/testdb"></property>
		<property name="username" value="root"></property>
		<property name="password" value="1234"></property>
	</bean>
	
	<bean id="userDao" class="com.tobi.domain.UserDaoJdbc">
		<property name="dataSource" ref="dataSource"></property>
	</bean>
	
	<bean id="userServiceImpl" class="com.tobi.service.UserServiceImpl">
		<property name="userDao" ref="userDao"></property>
		<property name="mailSender" ref="mailSender"></property>
	</bean>
	
	<bean id="userService" class="com.tobi.factorybean.TxProxyFactoryBean">
		<property name="target" ref="userServiceImpl"></property>
		<property name="transactionManager" ref="transactionManager"></property>
		<property name="pattern" value="upgradeLevels"></property>
		<property name="serviceInterface" value="com.tobi.service.UserService"></property>
	</bean>
	
	<bean id="upgradePolicy" class="com.tobi.service.DefaultUserUpgradePolicy">
		<property name="userDao" ref="userDao"></property>
	</bean>
	
	<bean id="transactionManager" class="org.springframework.jdbc.datasource.DataSourceTransactionManager">
		<property name="dataSource" ref="dataSource"></property>
	</bean>
	
	<bean id="mailSender" class="com.tobi.utils.DummyMailSender">
	</bean>
	
	<bean id="message" class="com.tobi.factorybean.MessageFactoryBean">
		<property name="text" value="Factory Bean"></property>
	</bean>

</beans>